Build started 2015-11-10 오후 2:43:33.
     1>Project "C:\Users\junbeom\Documents\Visual Studio 2013\Projects\IOCP_0.3\IOCP_0.3\IOCP_0.3.vcxproj" on node 2 (Build target(s)).
     1>ClCompile:
         C:\Program Files (x86)\Microsoft Visual Studio 12.0\VC\bin\CL.exe /c /ZI /nologo /W3 /WX- /Od /Oy- /D WIN32 /D _DEBUG /D _CONSOLE /D _LIB /D _UNICODE /D UNICODE /Gm /EHsc /RTC1 /MDd /GS /fp:precise /Zc:wchar_t /Zc:forScope /Fo"Debug\\" /Fd"Debug\vc120.pdb" /Gd /TP /analyze- /errorReport:prompt Client.cpp ClientController.cpp IOCP.cpp WorkerThread.cpp main.cpp
         Client.cpp
         Generating Code...
         Compiling...
         IOCP.cpp
     1>c:\users\junbeom\documents\visual studio 2013\projects\iocp_0.3\iocp_0.3\clientcontroller.h(30): warning C4018: '<' : signed/unsigned mismatch
     1>c:\users\junbeom\documents\visual studio 2013\projects\iocp_0.3\iocp_0.3\iocp.cpp(14): warning C4018: '<' : signed/unsigned mismatch
         Generating Code...
         Compiling...
         main.cpp
     1>c:\users\junbeom\documents\visual studio 2013\projects\iocp_0.3\iocp_0.3\clientcontroller.h(30): warning C4018: '<' : signed/unsigned mismatch
         WorkerThread.cpp
     1>c:\users\junbeom\documents\visual studio 2013\projects\iocp_0.3\iocp_0.3\clientcontroller.h(30): warning C4018: '<' : signed/unsigned mismatch
     1>c:\users\junbeom\documents\visual studio 2013\projects\iocp_0.3\iocp_0.3\workerthread.cpp(18): warning C4101: 'sock' : unreferenced local variable
         Generating Code...
         Skipping... (no relevant changes detected)
         ClientController.cpp
       Link:
         C:\Program Files (x86)\Microsoft Visual Studio 12.0\VC\bin\link.exe /ERRORREPORT:PROMPT /OUT:"C:\Users\junbeom\Documents\Visual Studio 2013\Projects\IOCP_0.3\Debug\IOCP_0.3.exe" /INCREMENTAL /NOLOGO kernel32.lib user32.lib gdi32.lib winspool.lib comdlg32.lib advapi32.lib shell32.lib ole32.lib oleaut32.lib uuid.lib odbc32.lib odbccp32.lib /MANIFEST /MANIFESTUAC:"level='asInvoker' uiAccess='false'" /manifest:embed /DEBUG /PDB:"C:\Users\junbeom\Documents\Visual Studio 2013\Projects\IOCP_0.3\Debug\IOCP_0.3.pdb" /SUBSYSTEM:CONSOLE /TLBID:1 /DYNAMICBASE /NXCOMPAT /IMPLIB:"C:\Users\junbeom\Documents\Visual Studio 2013\Projects\IOCP_0.3\Debug\IOCP_0.3.lib" /MACHINE:X86 Debug\Client.obj
         Debug\IOCP.obj
         Debug\main.obj
         Debug\ClientController.obj
         Debug\WorkerThread.obj
         IOCP_0.3.vcxproj -> C:\Users\junbeom\Documents\Visual Studio 2013\Projects\IOCP_0.3\Debug\IOCP_0.3.exe
     1>Done Building Project "C:\Users\junbeom\Documents\Visual Studio 2013\Projects\IOCP_0.3\IOCP_0.3\IOCP_0.3.vcxproj" (Build target(s)).

Build succeeded.

Time Elapsed 00:00:04.31
